SF:lib/bloc/image_stream.dart
DA:4,3
DA:10,1
DA:11,2
DA:15,1
DA:16,2
LF:5
LH:5
end_of_record
SF:lib/interface/image_interface.dart
DA:3,0
DA:5,0
LF:2
LH:0
end_of_record
SF:lib/repository/image_repository.dart
DA:8,1
DA:9,2
DA:13,1
DA:14,2
LF:4
LH:4
end_of_record
SF:lib/provider/image_provider.dart
DA:12,1
DA:13,1
DA:14,0
DA:16,4
DA:20,1
DA:21,1
DA:22,0
DA:24,4
LF:8
LH:6
end_of_record
SF:lib/bloc/movie_stream.dart
DA:8,3
DA:19,2
DA:21,2
DA:23,1
DA:24,2
DA:25,2
DA:29,1
DA:30,3
DA:31,3
DA:32,5
DA:37,1
DA:38,2
DA:42,1
DA:44,3
DA:45,2
DA:46,2
DA:47,3
DA:49,2
DA:50,5
DA:51,4
DA:52,2
DA:53,3
DA:59,1
DA:60,2
DA:63,1
DA:65,2
LF:26
LH:26
end_of_record
SF:lib/interface/movie_interface.dart
DA:5,0
DA:8,0
DA:11,0
DA:14,0
DA:17,0
LF:5
LH:0
end_of_record
SF:lib/model/details_model.dart
DA:27,0
DA:53,1
DA:54,2
DA:55,2
DA:56,2
DA:57,1
DA:58,2
DA:59,3
DA:60,3
DA:63,2
DA:64,2
DA:65,2
DA:66,2
DA:67,2
DA:68,2
DA:69,2
DA:70,2
DA:71,1
DA:72,2
DA:73,3
DA:74,3
DA:77,1
DA:78,2
DA:79,3
DA:80,3
DA:83,2
DA:84,2
DA:85,2
DA:86,1
DA:87,2
DA:88,3
DA:89,3
DA:92,2
DA:93,2
DA:94,2
DA:95,2
DA:96,2
DA:97,2
DA:105,0
DA:107,1
DA:108,2
DA:109,2
DA:119,0
DA:121,1
DA:122,2
DA:123,2
DA:124,2
DA:125,2
DA:133,0
DA:135,1
DA:136,2
DA:137,2
DA:145,0
DA:147,1
DA:148,2
DA:149,2
LF:56
LH:51
end_of_record
SF:lib/model/movies_model.dart
DA:8,0
DA:15,1
DA:16,4
DA:17,2
DA:18,1
DA:19,2
DA:20,3
DA:21,3
DA:24,2
DA:25,2
DA:33,0
DA:35,1
DA:36,2
DA:37,2
DA:57,0
DA:73,1
DA:74,2
DA:75,2
DA:76,3
DA:77,2
DA:78,2
DA:79,2
DA:80,2
DA:81,2
DA:82,2
DA:83,2
DA:84,2
DA:85,2
DA:86,2
DA:87,2
LF:30
LH:27
end_of_record
SF:lib/repository/movie_repository.dart
DA:8,1
DA:10,2
DA:13,1
DA:15,2
DA:19,1
DA:20,2
DA:23,1
DA:25,2
DA:28,1
DA:30,2
LF:10
LH:10
end_of_record
SF:lib/provider/movie_provider.dart
DA:19,1
DA:20,2
DA:21,3
DA:22,5
DA:23,3
DA:27,1
DA:29,3
DA:30,7
DA:31,3
DA:35,1
DA:37,3
DA:38,5
DA:39,2
DA:43,1
DA:45,3
DA:46,6
DA:47,2
DA:51,1
DA:52,2
DA:53,3
DA:54,5
DA:55,2
LF:22
LH:22
end_of_record
